The system is: Windows - 10.0.22621 - AMD64
Compiling the C compiler identification source file "CMakeCCompilerId.c" succeeded.
Compiler: C:/Program Files/Microsoft Visual Studio/2022/Community/VC/Tools/MSVC/14.32.31326/bin/Hostx64/x64/cl.exe 
Build flags: 
Id flags:  

The output was:
0
Microsoft (R) C/C++ 최적화 컴파일러 버전 19.32.31329(x64)
Copyright (c) Microsoft Corporation. All rights reserved.

CMakeCCompilerId.c
Microsoft (R) Incremental Linker Version 14.32.31329.0
Copyright (C) Microsoft Corporation.  All rights reserved.

/out:CMakeCCompilerId.exe 
CMakeCCompilerId.obj 


Compilation of the C compiler identification source "CMakeCCompilerId.c" produced "CMakeCCompilerId.exe"

Compilation of the C compiler identification source "CMakeCCompilerId.c" produced "CMakeCCompilerId.obj"

The C compiler identification is MSVC, found in "E:/repo/SecuritySocket/prj/windows/out/build/x64-Debug/CMakeFiles/3.22.22040401-MSVC_2/CompilerIdC/CMakeCCompilerId.exe"

Compiling the CXX compiler identification source file "CMakeCXXCompilerId.cpp" succeeded.
Compiler: C:/Program Files/Microsoft Visual Studio/2022/Community/VC/Tools/MSVC/14.32.31326/bin/Hostx64/x64/cl.exe 
Build flags: 
Id flags:  

The output was:
0
Microsoft (R) C/C++ 최적화 컴파일러 버전 19.32.31329(x64)
Copyright (c) Microsoft Corporation. All rights reserved.

CMakeCXXCompilerId.cpp
Microsoft (R) Incremental Linker Version 14.32.31329.0
Copyright (C) Microsoft Corporation.  All rights reserved.

/out:CMakeCXXCompilerId.exe 
CMakeCXXCompilerId.obj 


Compilation of the CXX compiler identification source "CMakeCXXCompilerId.cpp" produced "CMakeCXXCompilerId.exe"

Compilation of the CXX compiler identification source "CMakeCXXCompilerId.cpp" produced "CMakeCXXCompilerId.obj"

The CXX compiler identification is MSVC, found in "E:/repo/SecuritySocket/prj/windows/out/build/x64-Debug/CMakeFiles/3.22.22040401-MSVC_2/CompilerIdCXX/CMakeCXXCompilerId.exe"

Detecting C compiler ABI info compiled with the following output:
Change Dir: E:/repo/SecuritySocket/prj/windows/out/build/x64-Debug/CMakeFiles/CMakeTmp

Run Build Command(s):C:/Program Files/Microsoft Visual Studio/2022/Community/Common7/IDE/CommonExtensions/Microsoft/CMake/Ninja/ninja.exe cmTC_1a07a && [1/2] Building C object CMakeFiles\cmTC_1a07a.dir\CMakeCCompilerABI.c.obj
[2/2] Linking C executable cmTC_1a07a.exe



Detecting CXX compiler ABI info compiled with the following output:
Change Dir: E:/repo/SecuritySocket/prj/windows/out/build/x64-Debug/CMakeFiles/CMakeTmp

Run Build Command(s):C:/Program Files/Microsoft Visual Studio/2022/Community/Common7/IDE/CommonExtensions/Microsoft/CMake/Ninja/ninja.exe cmTC_07bfa && [1/2] Building CXX object CMakeFiles\cmTC_07bfa.dir\CMakeCXXCompilerABI.cpp.obj
[2/2] Linking CXX executable cmTC_07bfa.exe



Determining if the include file sys/types.h exists passed with the following output:
Change Dir: E:/repo/SecuritySocket/prj/windows/out/build/x64-Debug/CMakeFiles/CMakeTmp

Run Build Command(s):C:/Program Files/Microsoft Visual Studio/2022/Community/Common7/IDE/CommonExtensions/Microsoft/CMake/Ninja/ninja.exe cmTC_b60e1 && [1/2] Building C object CMakeFiles\cmTC_b60e1.dir\CheckIncludeFile.c.obj
[2/2] Linking C executable cmTC_b60e1.exe



Determining if the include file stdint.h exists passed with the following output:
Change Dir: E:/repo/SecuritySocket/prj/windows/out/build/x64-Debug/CMakeFiles/CMakeTmp

Run Build Command(s):C:/Program Files/Microsoft Visual Studio/2022/Community/Common7/IDE/CommonExtensions/Microsoft/CMake/Ninja/ninja.exe cmTC_48d0c && [1/2] Building C object CMakeFiles\cmTC_48d0c.dir\CheckIncludeFile.c.obj
[2/2] Linking C executable cmTC_48d0c.exe



Determining if the include file stddef.h exists passed with the following output:
Change Dir: E:/repo/SecuritySocket/prj/windows/out/build/x64-Debug/CMakeFiles/CMakeTmp

Run Build Command(s):C:/Program Files/Microsoft Visual Studio/2022/Community/Common7/IDE/CommonExtensions/Microsoft/CMake/Ninja/ninja.exe cmTC_d1842 && [1/2] Building C object CMakeFiles\cmTC_d1842.dir\CheckIncludeFile.c.obj
[2/2] Linking C executable cmTC_d1842.exe



Determining size of long passed with the following output:
Change Dir: E:/repo/SecuritySocket/prj/windows/out/build/x64-Debug/CMakeFiles/CMakeTmp

Run Build Command(s):C:/Program Files/Microsoft Visual Studio/2022/Community/Common7/IDE/CommonExtensions/Microsoft/CMake/Ninja/ninja.exe cmTC_cccdd && [1/2] Building C object CMakeFiles\cmTC_cccdd.dir\LONG_INT.c.obj
[2/2] Linking C executable cmTC_cccdd.exe



Determining size of long long passed with the following output:
Change Dir: E:/repo/SecuritySocket/prj/windows/out/build/x64-Debug/CMakeFiles/CMakeTmp

Run Build Command(s):C:/Program Files/Microsoft Visual Studio/2022/Community/Common7/IDE/CommonExtensions/Microsoft/CMake/Ninja/ninja.exe cmTC_e539f && [1/2] Building C object CMakeFiles\cmTC_e539f.dir\LONG_LONG_INT.c.obj
[2/2] Linking C executable cmTC_e539f.exe



Determining size of int passed with the following output:
Change Dir: E:/repo/SecuritySocket/prj/windows/out/build/x64-Debug/CMakeFiles/CMakeTmp

Run Build Command(s):C:/Program Files/Microsoft Visual Studio/2022/Community/Common7/IDE/CommonExtensions/Microsoft/CMake/Ninja/ninja.exe cmTC_3c4f7 && [1/2] Building C object CMakeFiles\cmTC_3c4f7.dir\INT.c.obj
[2/2] Linking C executable cmTC_3c4f7.exe



Determining if the include file fcntl.h exists passed with the following output:
Change Dir: E:/repo/SecuritySocket/prj/windows/out/build/x64-Debug/CMakeFiles/CMakeTmp

Run Build Command(s):C:/Program Files/Microsoft Visual Studio/2022/Community/Common7/IDE/CommonExtensions/Microsoft/CMake/Ninja/ninja.exe cmTC_2f84d && [1/2] Building C object CMakeFiles\cmTC_2f84d.dir\CheckIncludeFile.c.obj
[2/2] Linking C executable cmTC_2f84d.exe



